Log file open, 06/10/24 22:19:13
LogWindows: Failed to load 'aqProf.dll' (GetLastError=126)
LogWindows: File 'aqProf.dll' does not exist
LogWindows: Failed to load 'VtuneApi.dll' (GetLastError=126)
LogWindows: File 'VtuneApi.dll' does not exist
LogWindows: Failed to load 'VtuneApi32e.dll' (GetLastError=126)
LogWindows: File 'VtuneApi32e.dll' does not exist
LogPlatformFile: Not using cached read wrapper
LogTaskGraph: Started task graph with 4 named threads and 18 total threads with 1 sets of task threads.
LogWindows: Failed to load '../../../Engine/Binaries/ThirdParty/DbgHelp/dbghelp.dll' (GetLastError=126)
LogWindows: File '../../../Engine/Binaries/ThirdParty/DbgHelp/dbghelp.dll' does not exist
LogInit: Display: Loading text-based GConfig....
LogInit: Build: ++UE4+Release-4.27-CL-17155196
LogInit: Engine Version: 4.27.0-17155196+++UE4+Release-4.27
LogInit: Compatible Engine Version: 4.27.0-17155196+++UE4+Release-4.27
LogInit: Net CL: 17155196
LogInit: OS: Windows 10 (Release 2009) (), CPU: Intel(R) Core(TM) i7-10700K CPU @ 3.80GHz, GPU: NVIDIA GeForce RTX 3080 Ti
LogInit: Compiled (64-bit): Aug 13 2021 06:39:45
LogInit: Compiled with Visual C++: 19.24.28315.00
LogInit: Build Configuration: Development
LogInit: Branch Name: ++UE4+Release-4.27
LogInit: Command Line: "C:\Program Files (x86)\Steam\steamapps\common\Icarus\Icarus\Content\Data\data.pak" -extract C:\WorkSpace\Icarus\Icarus_Mod_Manager_2_1_4\data
LogInit: Base Directory: C:/WorkSpace/Icarus/UnrealPak/Engine/Binaries/Win64/
LogInit: Allocator: TBB
LogInit: Installed Engine Build: 0
LogDevObjectVersion: Number of dev versions registered: 29
LogDevObjectVersion:   Dev-Blueprints (B0D832E4-1F89-4F0D-ACCF-7EB736FD4AA2): 10
LogDevObjectVersion:   Dev-Build (E1C64328-A22C-4D53-A36C-8E866417BD8C): 0
LogDevObjectVersion:   Dev-Core (375EC13C-06E4-48FB-B500-84F0262A717E): 4
LogDevObjectVersion:   Dev-Editor (E4B068ED-F494-42E9-A231-DA0B2E46BB41): 40
LogDevObjectVersion:   Dev-Framework (CFFC743F-43B0-4480-9391-14DF171D2073): 37
LogDevObjectVersion:   Dev-Mobile (B02B49B5-BB20-44E9-A304-32B752E40360): 3
LogDevObjectVersion:   Dev-Networking (A4E4105C-59A1-49B5-A7C5-40C4547EDFEE): 0
LogDevObjectVersion:   Dev-Online (39C831C9-5AE6-47DC-9A44-9C173E1C8E7C): 0
LogDevObjectVersion:   Dev-Physics (78F01B33-EBEA-4F98-B9B4-84EACCB95AA2): 14
LogDevObjectVersion:   Dev-Platform (6631380F-2D4D-43E0-8009-CF276956A95A): 0
LogDevObjectVersion:   Dev-Rendering (12F88B9F-8875-4AFC-A67C-D90C383ABD29): 45
LogDevObjectVersion:   Dev-Sequencer (7B5AE74C-D270-4C10-A958-57980B212A5A): 13
LogDevObjectVersion:   Dev-VR (D7296918-1DD6-4BDD-9DE2-64A83CC13884): 3
LogDevObjectVersion:   Dev-LoadTimes (C2A15278-BFE7-4AFE-6C17-90FF531DF755): 1
LogDevObjectVersion:   Private-Geometry (6EACA3D4-40EC-4CC1-B786-8BED09428FC5): 3
LogDevObjectVersion:   Dev-AnimPhys (29E575DD-E0A3-4627-9D10-D276232CDCEA): 17
LogDevObjectVersion:   Dev-Anim (AF43A65D-7FD3-4947-9873-3E8ED9C1BB05): 15
LogDevObjectVersion:   Dev-ReflectionCapture (6B266CEC-1EC7-4B8F-A30B-E4D90942FC07): 1
LogDevObjectVersion:   Dev-Automation (0DF73D61-A23F-47EA-B727-89E90C41499A): 1
LogDevObjectVersion:   FortniteMain (601D1886-AC64-4F84-AA16-D3DE0DEAC7D6): 47
LogDevObjectVersion:   FortniteRelease (E7086368-6B23-4C58-8439-1B7016265E91): 1
LogDevObjectVersion:   Dev-Enterprise (9DFFBCD6-494F-0158-E221-12823C92A888): 10
LogDevObjectVersion:   Dev-Niagara (F2AED0AC-9AFE-416F-8664-AA7FFA26D6FC): 1
LogDevObjectVersion:   Dev-Destruction (174F1F0B-B4C6-45A5-B13F-2EE8D0FB917D): 10
LogDevObjectVersion:   Dev-Physics-Ext (35F94A83-E258-406C-A318-09F59610247C): 41
LogDevObjectVersion:   Dev-PhysicsMaterial-Chaos (B68FC16E-8B1B-42E2-B453-215C058844FE): 1
LogDevObjectVersion:   Dev-CineCamera (B2E18506-4273-CFC2-A54E-F4BB758BBA07): 1
LogDevObjectVersion:   Dev-VirtualProduction (64F58936-FD1B-42BA-BA96-7289D5D0FA4E): 1
LogDevObjectVersion:   Dev-MediaFramework (6F0ED827-A609-4895-9C91-998D90180EA4): 2
LogConfig: Applying CVar settings from Section [Startup] File [../../../Engine/Config/ConsoleVariables.ini]
LogConfig: Applying CVar settings from Section [ConsoleVariables] File [../../../Engine/Programs/UnrealPak/Saved/Config/Windows/Engine.ini]
[2024.06.11-05.19.13:818][  0]LogInit: Computer: JANTONST-WS1
[2024.06.11-05.19.13:818][  0]LogInit: User: Brackman
[2024.06.11-05.19.13:818][  0]LogInit: CPU Page size=4096, Cores=8
[2024.06.11-05.19.13:818][  0]LogInit: High frequency timer resolution =10.000000 MHz
[2024.06.11-05.19.13:818][  0]LogMemory: Memory total: Physical=31.9GB (32GB approx)
[2024.06.11-05.19.13:818][  0]LogMemory: Platform Memory Stats for Windows
[2024.06.11-05.19.13:818][  0]LogMemory: Process Physical Memory: 20.84 MB used, 20.84 MB peak
[2024.06.11-05.19.13:818][  0]LogMemory: Process Virtual Memory: 52.45 MB used, 52.45 MB peak
[2024.06.11-05.19.13:818][  0]LogMemory: Physical Memory: 13668.66 MB used,  19012.39 MB free, 32681.05 MB total
[2024.06.11-05.19.13:818][  0]LogMemory: Virtual Memory: 134196480.00 MB used,  21249.45 MB free, 134217728.00 MB total
[2024.06.11-05.19.13:820][  0]LogInit: Using OS detected language ().
[2024.06.11-05.19.13:820][  0]LogInit: Using OS detected locale ().
[2024.06.11-05.19.13:820][  0]LogTextLocalizationManager: No localization for '' exists, so 'en' will be used for the language.
[2024.06.11-05.19.13:820][  0]LogTextLocalizationManager: No localization for '' exists, so 'en' will be used for the locale.
[2024.06.11-05.19.13:820][  0]LogInit: Using OS detected language ().
[2024.06.11-05.19.13:820][  0]LogInit: Using OS detected locale ().
[2024.06.11-05.19.13:820][  0]LogTextLocalizationManager: No localization for '' exists, so 'en' will be used for the language.
[2024.06.11-05.19.13:820][  0]LogTextLocalizationManager: No localization for '' exists, so 'en' will be used for the locale.
[2024.06.11-05.19.13:820][  0]LogTextLocalizationManager: Compacting localization data took   0.00ms
[2024.06.11-05.19.13:820][  0]LogPakFile: Display: Using command line for crypto configuration
[2024.06.11-05.19.13:820][  0]LogPakFile: PakFile PrimaryIndexSize=6395
[2024.06.11-05.19.13:820][  0]LogPakFile: PakFile PathHashIndexSize=3188
[2024.06.11-05.19.13:820][  0]LogPakFile: PakFile FullDirectoryIndexSize=9112
[2024.06.11-05.19.13:821][  0]LogPakFile: Display: Extracted "DataTableMetadata.json" to "C:\WorkSpace\Icarus\Icarus_Mod_Manager_2_1_4\data/DataTableMetadata.json" Offset 303810.
[2024.06.11-05.19.13:822][  0]LogPakFile: Display: Extracted "Accolades/D_Accolades.json" to "C:\WorkSpace\Icarus\Icarus_Mod_Manager_2_1_4\data/Accolades/D_Accolades.json" Offset 0.
[2024.06.11-05.19.13:822][  0]LogPakFile: Display: Extracted "AI/D_AICreatureType.json" to "C:\WorkSpace\Icarus\Icarus_Mod_Manager_2_1_4\data/AI/D_AICreatureType.json" Offset 15331.
[2024.06.11-05.19.13:822][  0]LogPakFile: Display: Extracted "AI/D_AIDescriptors.json" to "C:\WorkSpace\Icarus\Icarus_Mod_Manager_2_1_4\data/AI/D_AIDescriptors.json" Offset 18997.
[2024.06.11-05.19.13:823][  0]LogPakFile: Display: Extracted "AI/D_AIEvents.json" to "C:\WorkSpace\Icarus\Icarus_Mod_Manager_2_1_4\data/AI/D_AIEvents.json" Offset 19361.
[2024.06.11-05.19.13:823][  0]LogPakFile: Display: Extracted "AI/D_AIGrowth.json" to "C:\WorkSpace\Icarus\Icarus_Mod_Manager_2_1_4\data/AI/D_AIGrowth.json" Offset 20324.
[2024.06.11-05.19.13:824][  0]LogPakFile: Display: Extracted "AI/D_AIRelationships.json" to "C:\WorkSpace\Icarus\Icarus_Mod_Manager_2_1_4\data/AI/D_AIRelationships.json" Offset 30802.
[2024.06.11-05.19.13:825][  0]LogPakFile: Display: Extracted "AI/D_AISetup.json" to "C:\WorkSpace\Icarus\Icarus_Mod_Manager_2_1_4\data/AI/D_AISetup.json" Offset 31531.
[2024.06.11-05.19.13:825][  0]LogPakFile: Display: Extracted "AI/D_AISpawnConfig.json" to "C:\WorkSpace\Icarus\Icarus_Mod_Manager_2_1_4\data/AI/D_AISpawnConfig.json" Offset 61101.
[2024.06.11-05.19.13:826][  0]LogPakFile: Display: Extracted "AI/D_AISpawnRules.json" to "C:\WorkSpace\Icarus\Icarus_Mod_Manager_2_1_4\data/AI/D_AISpawnRules.json" Offset 64801.
[2024.06.11-05.19.13:827][  0]LogPakFile: Display: Extracted "AI/D_AISpawnZones.json" to "C:\WorkSpace\Icarus\Icarus_Mod_Manager_2_1_4\data/AI/D_AISpawnZones.json" Offset 65403.
[2024.06.11-05.19.13:827][  0]LogPakFile: Display: Extracted "AI/D_AutonomousSpawns.json" to "C:\WorkSpace\Icarus\Icarus_Mod_Manager_2_1_4\data/AI/D_AutonomousSpawns.json" Offset 76606.
[2024.06.11-05.19.13:827][  0]LogPakFile: Display: Extracted "AI/D_EpicCreatures.json" to "C:\WorkSpace\Icarus\Icarus_Mod_Manager_2_1_4\data/AI/D_EpicCreatures.json" Offset 77187.
[2024.06.11-05.19.13:828][  0]LogPakFile: Display: Extracted "AI/D_GOAPActions.json" to "C:\WorkSpace\Icarus\Icarus_Mod_Manager_2_1_4\data/AI/D_GOAPActions.json" Offset 78892.
[2024.06.11-05.19.13:829][  0]LogPakFile: Display: Extracted "AI/D_GOAPGoals.json" to "C:\WorkSpace\Icarus\Icarus_Mod_Manager_2_1_4\data/AI/D_GOAPGoals.json" Offset 81527.
[2024.06.11-05.19.13:829][  0]LogPakFile: Display: Extracted "AI/D_GOAPMotivations.json" to "C:\WorkSpace\Icarus\Icarus_Mod_Manager_2_1_4\data/AI/D_GOAPMotivations.json" Offset 82716.
[2024.06.11-05.19.13:829][  0]LogPakFile: Display: Extracted "AI/D_GOAPProperties.json" to "C:\WorkSpace\Icarus\Icarus_Mod_Manager_2_1_4\data/AI/D_GOAPProperties.json" Offset 84037.
[2024.06.11-05.19.13:831][  0]LogPakFile: Display: Extracted "AI/D_GOAPSetup.json" to "C:\WorkSpace\Icarus\Icarus_Mod_Manager_2_1_4\data/AI/D_GOAPSetup.json" Offset 84625.
[2024.06.11-05.19.13:832][  0]LogPakFile: Display: Extracted "AI/D_HuntingClueSetup.json" to "C:\WorkSpace\Icarus\Icarus_Mod_Manager_2_1_4\data/AI/D_HuntingClueSetup.json" Offset 89420.
[2024.06.11-05.19.13:832][  0]LogPakFile: Display: Extracted "AI/D_HuntingSetup.json" to "C:\WorkSpace\Icarus\Icarus_Mod_Manager_2_1_4\data/AI/D_HuntingSetup.json" Offset 89964.
[2024.06.11-05.19.13:833][  0]LogPakFile: Display: Extracted "AI/D_Mounts.json" to "C:\WorkSpace\Icarus\Icarus_Mod_Manager_2_1_4\data/AI/D_Mounts.json" Offset 90270.
[2024.06.11-05.19.13:834][  0]LogPakFile: Display: Extracted "AI/D_Saddles.json" to "C:\WorkSpace\Icarus\Icarus_Mod_Manager_2_1_4\data/AI/D_Saddles.json" Offset 94591.
[2024.06.11-05.19.13:834][  0]LogPakFile: Display: Extracted "AI/D_TamedCreatureModifiers.json" to "C:\WorkSpace\Icarus\Icarus_Mod_Manager_2_1_4\data/AI/D_TamedCreatureModifiers.json" Offset 96896.
[2024.06.11-05.19.13:835][  0]LogPakFile: Display: Extracted "AI/D_Tames.json" to "C:\WorkSpace\Icarus\Icarus_Mod_Manager_2_1_4\data/AI/D_Tames.json" Offset 97495.
[2024.06.11-05.19.13:836][  0]LogPakFile: Display: Extracted "AI/D_WorldBosses.json" to "C:\WorkSpace\Icarus\Icarus_Mod_Manager_2_1_4\data/AI/D_WorldBosses.json" Offset 98556.
[2024.06.11-05.19.13:837][  0]LogPakFile: Display: Extracted "Alterations/D_AlterationModifiers.json" to "C:\WorkSpace\Icarus\Icarus_Mod_Manager_2_1_4\data/Alterations/D_AlterationModifiers.json" Offset 99272.
[2024.06.11-05.19.13:837][  0]LogPakFile: Display: Extracted "Alterations/D_Alterations.json" to "C:\WorkSpace\Icarus\Icarus_Mod_Manager_2_1_4\data/Alterations/D_Alterations.json" Offset 99827.
[2024.06.11-05.19.13:838][  0]LogPakFile: Display: Extracted "Animation/D_ItemAnimations.json" to "C:\WorkSpace\Icarus\Icarus_Mod_Manager_2_1_4\data/Animation/D_ItemAnimations.json" Offset 105616.
[2024.06.11-05.19.13:839][  0]LogPakFile: Display: Extracted "Animation/D_ItemAttachment.json" to "C:\WorkSpace\Icarus\Icarus_Mod_Manager_2_1_4\data/Animation/D_ItemAttachment.json" Offset 107687.
[2024.06.11-05.19.13:841][  0]LogPakFile: Display: Extracted "Armour/D_ArmourSetBonus.json" to "C:\WorkSpace\Icarus\Icarus_Mod_Manager_2_1_4\data/Armour/D_ArmourSetBonus.json" Offset 108326.
[2024.06.11-05.19.13:841][  0]LogPakFile: Display: Extracted "Armour/D_ArmourSets.json" to "C:\WorkSpace\Icarus\Icarus_Mod_Manager_2_1_4\data/Armour/D_ArmourSets.json" Offset 109564.
[2024.06.11-05.19.13:842][  0]LogPakFile: Display: Extracted "Assets/D_AssetReferences.json" to "C:\WorkSpace\Icarus\Icarus_Mod_Manager_2_1_4\data/Assets/D_AssetReferences.json" Offset 110154.
[2024.06.11-05.19.13:843][  0]LogPakFile: Display: Extracted "Attachments/D_AttachmentIcons.json" to "C:\WorkSpace\Icarus\Icarus_Mod_Manager_2_1_4\data/Attachments/D_AttachmentIcons.json" Offset 110780.
[2024.06.11-05.19.13:844][  0]LogPakFile: Display: Extracted "Attachments/D_IcarusAttachments.json" to "C:\WorkSpace\Icarus\Icarus_Mod_Manager_2_1_4\data/Attachments/D_IcarusAttachments.json" Offset 111377.
[2024.06.11-05.19.13:844][  0]LogPakFile: Display: Extracted "Attachments/D_ItemAttachments.json" to "C:\WorkSpace\Icarus\Icarus_Mod_Manager_2_1_4\data/Attachments/D_ItemAttachments.json" Offset 112715.
[2024.06.11-05.19.13:845][  0]LogPakFile: Display: Extracted "Audio/D_AIAudioData.json" to "C:\WorkSpace\Icarus\Icarus_Mod_Manager_2_1_4\data/Audio/D_AIAudioData.json" Offset 112987.
[2024.06.11-05.19.13:845][  0]LogPakFile: Display: Extracted "Audio/D_BiomeAudioData.json" to "C:\WorkSpace\Icarus\Icarus_Mod_Manager_2_1_4\data/Audio/D_BiomeAudioData.json" Offset 122653.
[2024.06.11-05.19.13:846][  0]LogPakFile: Display: Extracted "Audio/D_BuildableAudioData.json" to "C:\WorkSpace\Icarus\Icarus_Mod_Manager_2_1_4\data/Audio/D_BuildableAudioData.json" Offset 123239.
[2024.06.11-05.19.13:847][  0]LogPakFile: Display: Extracted "Audio/D_CharacterVoices.json" to "C:\WorkSpace\Icarus\Icarus_Mod_Manager_2_1_4\data/Audio/D_CharacterVoices.json" Offset 124287.
[2024.06.11-05.19.13:847][  0]LogPakFile: Display: Extracted "Audio/D_CraftingAudioData.json" to "C:\WorkSpace\Icarus\Icarus_Mod_Manager_2_1_4\data/Audio/D_CraftingAudioData.json" Offset 125134.
[2024.06.11-05.19.13:848][  0]LogPakFile: Display: Extracted "Audio/D_CreatureAudioThreatData.json" to "C:\WorkSpace\Icarus\Icarus_Mod_Manager_2_1_4\data/Audio/D_CreatureAudioThreatData.json" Offset 126096.
[2024.06.11-05.19.13:848][  0]LogPakFile: Display: Extracted "Audio/D_CriticalHitAreaAudioData.json" to "C:\WorkSpace\Icarus\Icarus_Mod_Manager_2_1_4\data/Audio/D_CriticalHitAreaAudioData.json" Offset 126503.
[2024.06.11-05.19.13:849][  0]LogPakFile: Display: Extracted "Audio/D_FirearmAudioData.json" to "C:\WorkSpace\Icarus\Icarus_Mod_Manager_2_1_4\data/Audio/D_FirearmAudioData.json" Offset 127150.
[2024.06.11-05.19.13:850][  0]LogPakFile: Display: Extracted "Audio/D_ItemAudioData.json" to "C:\WorkSpace\Icarus\Icarus_Mod_Manager_2_1_4\data/Audio/D_ItemAudioData.json" Offset 128678.
[2024.06.11-05.19.13:850][  0]LogPakFile: Display: Extracted "Audio/D_ModifierStateAudioData.json" to "C:\WorkSpace\Icarus\Icarus_Mod_Manager_2_1_4\data/Audio/D_ModifierStateAudioData.json" Offset 133987.
[2024.06.11-05.19.13:850][  0]LogPakFile: Display: Extracted "Audio/D_MusicTracks.json" to "C:\WorkSpace\Icarus\Icarus_Mod_Manager_2_1_4\data/Audio/D_MusicTracks.json" Offset 134636.
[2024.06.11-05.19.13:852][  0]LogPakFile: Display: Extracted "Audio/D_MusicTrackStateGroups.json" to "C:\WorkSpace\Icarus\Icarus_Mod_Manager_2_1_4\data/Audio/D_MusicTrackStateGroups.json" Offset 136137.
[2024.06.11-05.19.13:853][  0]LogPakFile: Display: Extracted "Audio/D_PlayerFootstepAudioData.json" to "C:\WorkSpace\Icarus\Icarus_Mod_Manager_2_1_4\data/Audio/D_PlayerFootstepAudioData.json" Offset 136359.
[2024.06.11-05.19.13:853][  0]LogPakFile: Display: Extracted "Audio/D_ResourceNodeAudioData.json" to "C:\WorkSpace\Icarus\Icarus_Mod_Manager_2_1_4\data/Audio/D_ResourceNodeAudioData.json" Offset 137180.
[2024.06.11-05.19.13:854][  0]LogPakFile: Display: Extracted "Audio/D_RiverAudioData.json" to "C:\WorkSpace\Icarus\Icarus_Mod_Manager_2_1_4\data/Audio/D_RiverAudioData.json" Offset 137992.
[2024.06.11-05.19.13:854][  0]LogPakFile: Display: Extracted "Audio/D_TerrainZoneAudioData.json" to "C:\WorkSpace\Icarus\Icarus_Mod_Manager_2_1_4\data/Audio/D_TerrainZoneAudioData.json" Offset 138780.
[2024.06.11-05.19.13:856][  0]LogPakFile: Display: Extracted "Audio/D_TreeAudioData.json" to "C:\WorkSpace\Icarus\Icarus_Mod_Manager_2_1_4\data/Audio/D_TreeAudioData.json" Offset 139822.
[2024.06.11-05.19.13:857][  0]LogPakFile: Display: Extracted "Audio/D_Vocalisations.json" to "C:\WorkSpace\Icarus\Icarus_Mod_Manager_2_1_4\data/Audio/D_Vocalisations.json" Offset 140635.
[2024.06.11-05.19.13:858][  0]LogPakFile: Display: Extracted "Audio/D_VocalisationSettings.json" to "C:\WorkSpace\Icarus\Icarus_Mod_Manager_2_1_4\data/Audio/D_VocalisationSettings.json" Offset 147955.
[2024.06.11-05.19.13:858][  0]LogPakFile: Display: Extracted "Audio/MusicConditions/D_MusicLocationConditions.json" to "C:\WorkSpace\Icarus\Icarus_Mod_Manager_2_1_4\data/Audio/MusicConditions/D_MusicLocationConditions.json" Offset 148857.
[2024.06.11-05.19.13:859][  0]LogPakFile: Display: Extracted "Audio/MusicConditions/D_MusicQuestConditions.json" to "C:\WorkSpace\Icarus\Icarus_Mod_Manager_2_1_4\data/Audio/MusicConditions/D_MusicQuestConditions.json" Offset 149447.
[2024.06.11-05.19.13:860][  0]LogPakFile: Display: Extracted "Bestiary/D_BestiaryData.json" to "C:\WorkSpace\Icarus\Icarus_Mod_Manager_2_1_4\data/Bestiary/D_BestiaryData.json" Offset 149722.
[2024.06.11-05.19.13:860][  0]LogPakFile: Display: Extracted "Bestiary/D_BestiaryPoints.json" to "C:\WorkSpace\Icarus\Icarus_Mod_Manager_2_1_4\data/Bestiary/D_BestiaryPoints.json" Offset 177650.
[2024.06.11-05.19.13:861][  0]LogPakFile: Display: Extracted "Bestiary/D_BestiaryTraits.json" to "C:\WorkSpace\Icarus\Icarus_Mod_Manager_2_1_4\data/Bestiary/D_BestiaryTraits.json" Offset 178847.
[2024.06.11-05.19.13:861][  0]LogPakFile: Display: Extracted "Bestiary/D_BestiaryTraitTypes.json" to "C:\WorkSpace\Icarus\Icarus_Mod_Manager_2_1_4\data/Bestiary/D_BestiaryTraitTypes.json" Offset 180705.
[2024.06.11-05.19.13:861][  0]LogPakFile: Display: Extracted "Blueprints/D_BlueprintUnlocks.json" to "C:\WorkSpace\Icarus\Icarus_Mod_Manager_2_1_4\data/Blueprints/D_BlueprintUnlocks.json" Offset 181270.
[2024.06.11-05.19.13:862][  0]LogPakFile: Display: Extracted "Building/D_BuildingLookup.json" to "C:\WorkSpace\Icarus\Icarus_Mod_Manager_2_1_4\data/Building/D_BuildingLookup.json" Offset 181651.
[2024.06.11-05.19.13:863][  0]LogPakFile: Display: Extracted "Building/D_BuildingPieces.json" to "C:\WorkSpace\Icarus\Icarus_Mod_Manager_2_1_4\data/Building/D_BuildingPieces.json" Offset 186063.
[2024.06.11-05.19.13:864][  0]LogPakFile: Display: Extracted "Building/D_BuildingSkins.json" to "C:\WorkSpace\Icarus\Icarus_Mod_Manager_2_1_4\data/Building/D_BuildingSkins.json" Offset 202272.
[2024.06.11-05.19.13:864][  0]LogPakFile: Display: Extracted "Building/D_BuildingStability.json" to "C:\WorkSpace\Icarus\Icarus_Mod_Manager_2_1_4\data/Building/D_BuildingStability.json" Offset 207741.
[2024.06.11-05.19.13:865][  0]LogPakFile: Display: Extracted "Challenges/D_Challenges.json" to "C:\WorkSpace\Icarus\Icarus_Mod_Manager_2_1_4\data/Challenges/D_Challenges.json" Offset 208524.
[2024.06.11-05.19.13:865][  0]LogPakFile: Display: Extracted "Character/D_CharacterCreationData.json" to "C:\WorkSpace\Icarus\Icarus_Mod_Manager_2_1_4\data/Character/D_CharacterCreationData.json" Offset 208877.
[2024.06.11-05.19.13:866][  0]LogPakFile: Display: Extracted "Character/D_CharacterGrowth.json" to "C:\WorkSpace\Icarus\Icarus_Mod_Manager_2_1_4\data/Character/D_CharacterGrowth.json" Offset 212348.
[2024.06.11-05.19.13:867][  0]LogPakFile: Display: Extracted "Config/D_GameplayConfig.json" to "C:\WorkSpace\Icarus\Icarus_Mod_Manager_2_1_4\data/Config/D_GameplayConfig.json" Offset 212799.
[2024.06.11-05.19.13:867][  0]LogPakFile: Display: Extracted "Crafting/D_CraftingModifications.json" to "C:\WorkSpace\Icarus\Icarus_Mod_Manager_2_1_4\data/Crafting/D_CraftingModifications.json" Offset 213861.
[2024.06.11-05.19.13:868][  0]LogPakFile: Display: Extracted "Crafting/D_ExtractorRecipes.json" to "C:\WorkSpace\Icarus\Icarus_Mod_Manager_2_1_4\data/Crafting/D_ExtractorRecipes.json" Offset 214790.
[2024.06.11-05.19.13:871][  0]LogPakFile: Display: Extracted "Crafting/D_ProcessorRecipes.json" to "C:\WorkSpace\Icarus\Icarus_Mod_Manager_2_1_4\data/Crafting/D_ProcessorRecipes.json" Offset 215220.
[2024.06.11-05.19.13:873][  0]LogPakFile: Display: Extracted "Crafting/D_RecipeSets.json" to "C:\WorkSpace\Icarus\Icarus_Mod_Manager_2_1_4\data/Crafting/D_RecipeSets.json" Offset 298278.
[2024.06.11-05.19.13:873][  0]LogPakFile: Display: Extracted "CriticalHit/D_CriticalHitSetup.json" to "C:\WorkSpace\Icarus\Icarus_Mod_Manager_2_1_4\data/CriticalHit/D_CriticalHitSetup.json" Offset 300505.
[2024.06.11-05.19.13:874][  0]LogPakFile: Display: Extracted "Currency/D_CurrencyConversions.json" to "C:\WorkSpace\Icarus\Icarus_Mod_Manager_2_1_4\data/Currency/D_CurrencyConversions.json" Offset 301168.
[2024.06.11-05.19.13:874][  0]LogPakFile: Display: Extracted "Currency/D_MetaCurrency.json" to "C:\WorkSpace\Icarus\Icarus_Mod_Manager_2_1_4\data/Currency/D_MetaCurrency.json" Offset 301541.
[2024.06.11-05.19.13:875][  0]LogPakFile: Display: Extracted "Damage/D_CriticalHitAreas.json" to "C:\WorkSpace\Icarus\Icarus_Mod_Manager_2_1_4\data/Damage/D_CriticalHitAreas.json" Offset 302285.
[2024.06.11-05.19.13:876][  0]LogPakFile: Display: Extracted "Damage/D_DamageTypeInfo.json" to "C:\WorkSpace\Icarus\Icarus_Mod_Manager_2_1_4\data/Damage/D_DamageTypeInfo.json" Offset 302794.
[2024.06.11-05.19.13:877][  0]LogPakFile: Display: Extracted "Deployables/D_DeployableSetup.json" to "C:\WorkSpace\Icarus\Icarus_Mod_Manager_2_1_4\data/Deployables/D_DeployableSetup.json" Offset 304301.
[2024.06.11-05.19.13:877][  0]LogPakFile: Display: Extracted "Deployables/D_Turret.json" to "C:\WorkSpace\Icarus\Icarus_Mod_Manager_2_1_4\data/Deployables/D_Turret.json" Offset 334735.
[2024.06.11-05.19.13:878][  0]LogPakFile: Display: Extracted "Development/D_FeatureLevels.json" to "C:\WorkSpace\Icarus\Icarus_Mod_Manager_2_1_4\data/Development/D_FeatureLevels.json" Offset 335471.
[2024.06.11-05.19.13:879][  0]LogPakFile: Display: Extracted "Development/D_LevelSequences.json" to "C:\WorkSpace\Icarus\Icarus_Mod_Manager_2_1_4\data/Development/D_LevelSequences.json" Offset 336585.
[2024.06.11-05.19.13:881][  0]LogPakFile: Display: Extracted "Dialogue/D_Dialogue.json" to "C:\WorkSpace\Icarus\Icarus_Mod_Manager_2_1_4\data/Dialogue/D_Dialogue.json" Offset 336854.
[2024.06.11-05.19.13:881][  0]LogPakFile: Display: Extracted "Dialogue/D_DialoguePool.json" to "C:\WorkSpace\Icarus\Icarus_Mod_Manager_2_1_4\data/Dialogue/D_DialoguePool.json" Offset 435776.
[2024.06.11-05.19.13:881][  0]LogPakFile: Display: Extracted "Dialogue/D_DialogueSpeaker.json" to "C:\WorkSpace\Icarus\Icarus_Mod_Manager_2_1_4\data/Dialogue/D_DialogueSpeaker.json" Offset 438468.
[2024.06.11-05.19.13:882][  0]LogPakFile: Display: Extracted "DLC/D_DLCPackageData.json" to "C:\WorkSpace\Icarus\Icarus_Mod_Manager_2_1_4\data/DLC/D_DLCPackageData.json" Offset 439501.
[2024.06.11-05.19.13:882][  0]LogPakFile: Display: Extracted "DropShip/D_DropShipActions.json" to "C:\WorkSpace\Icarus\Icarus_Mod_Manager_2_1_4\data/DropShip/D_DropShipActions.json" Offset 440697.
[2024.06.11-05.19.13:883][  0]LogPakFile: Display: Extracted "DropShip/D_DropShipSequences.json" to "C:\WorkSpace\Icarus\Icarus_Mod_Manager_2_1_4\data/DropShip/D_DropShipSequences.json" Offset 441044.
[2024.06.11-05.19.13:884][  0]LogPakFile: Display: Extracted "Errors/D_ErrorCodes.json" to "C:\WorkSpace\Icarus\Icarus_Mod_Manager_2_1_4\data/Errors/D_ErrorCodes.json" Offset 441943.
[2024.06.11-05.19.13:884][  0]LogPakFile: Display: Extracted "Events/D_ScriptedEvents.json" to "C:\WorkSpace\Icarus\Icarus_Mod_Manager_2_1_4\data/Events/D_ScriptedEvents.json" Offset 445375.
[2024.06.11-05.19.13:885][  0]LogPakFile: Display: Extracted "Experience/D_ExperienceEvents.json" to "C:\WorkSpace\Icarus\Icarus_Mod_Manager_2_1_4\data/Experience/D_ExperienceEvents.json" Offset 446150.
[2024.06.11-05.19.13:887][  0]LogPakFile: Display: Extracted "Factions/D_FactionInfo.json" to "C:\WorkSpace\Icarus\Icarus_Mod_Manager_2_1_4\data/Factions/D_FactionInfo.json" Offset 449785.
[2024.06.11-05.19.13:888][  0]LogPakFile: Display: Extracted "Factions/D_FactionMissions.json" to "C:\WorkSpace\Icarus\Icarus_Mod_Manager_2_1_4\data/Factions/D_FactionMissions.json" Offset 450308.
[2024.06.11-05.19.13:889][  0]LogPakFile: Display: Extracted "Factions/D_Factions.json" to "C:\WorkSpace\Icarus\Icarus_Mod_Manager_2_1_4\data/Factions/D_Factions.json" Offset 458349.
[2024.06.11-05.19.13:890][  0]LogPakFile: Display: Extracted "Farming/D_Farmable.json" to "C:\WorkSpace\Icarus\Icarus_Mod_Manager_2_1_4\data/Farming/D_Farmable.json" Offset 458515.
[2024.06.11-05.19.13:890][  0]LogPakFile: Display: Extracted "Farming/D_FarmingGrowthStates.json" to "C:\WorkSpace\Icarus\Icarus_Mod_Manager_2_1_4\data/Farming/D_FarmingGrowthStates.json" Offset 459086.
[2024.06.11-05.19.13:891][  0]LogPakFile: Display: Extracted "Farming/D_FarmingSeeds.json" to "C:\WorkSpace\Icarus\Icarus_Mod_Manager_2_1_4\data/Farming/D_FarmingSeeds.json" Offset 461784.
[2024.06.11-05.19.13:891][  0]LogPakFile: Display: Extracted "Farming/D_SeedModifications.json" to "C:\WorkSpace\Icarus\Icarus_Mod_Manager_2_1_4\data/Farming/D_SeedModifications.json" Offset 464134.
[2024.06.11-05.19.13:892][  0]LogPakFile: Display: Extracted "FieldGuide/D_FieldGuideCategories.json" to "C:\WorkSpace\Icarus\Icarus_Mod_Manager_2_1_4\data/FieldGuide/D_FieldGuideCategories.json" Offset 464653.
[2024.06.11-05.19.13:893][  0]LogPakFile: Display: Extracted "FieldGuide/D_FieldGuideMetaData.json" to "C:\WorkSpace\Icarus\Icarus_Mod_Manager_2_1_4\data/FieldGuide/D_FieldGuideMetaData.json" Offset 466371.
[2024.06.11-05.19.13:893][  0]LogPakFile: Display: Extracted "FieldGuide/D_FieldGuideSets.json" to "C:\WorkSpace\Icarus\Icarus_Mod_Manager_2_1_4\data/FieldGuide/D_FieldGuideSets.json" Offset 467941.
[2024.06.11-05.19.13:894][  0]LogPakFile: Display: Extracted "Fish/D_FishData.json" to "C:\WorkSpace\Icarus\Icarus_Mod_Manager_2_1_4\data/Fish/D_FishData.json" Offset 470147.
[2024.06.11-05.19.13:894][  0]LogPakFile: Display: Extracted "Fish/D_FishSpawnConfig.json" to "C:\WorkSpace\Icarus\Icarus_Mod_Manager_2_1_4\data/Fish/D_FishSpawnConfig.json" Offset 475081.
[2024.06.11-05.19.13:895][  0]LogPakFile: Display: Extracted "Fish/D_FishSpawnZones.json" to "C:\WorkSpace\Icarus\Icarus_Mod_Manager_2_1_4\data/Fish/D_FishSpawnZones.json" Offset 476573.
[2024.06.11-05.19.13:896][  0]LogPakFile: Display: Extracted "Flags/D_AccountFlags.json" to "C:\WorkSpace\Icarus\Icarus_Mod_Manager_2_1_4\data/Flags/D_AccountFlags.json" Offset 478012.
[2024.06.11-05.19.13:896][  0]LogPakFile: Display: Extracted "Flags/D_CharacterFlags.json" to "C:\WorkSpace\Icarus\Icarus_Mod_Manager_2_1_4\data/Flags/D_CharacterFlags.json" Offset 478344.
[2024.06.11-05.19.13:897][  0]LogPakFile: Display: Extracted "Flags/D_SessionFlags.json" to "C:\WorkSpace\Icarus\Icarus_Mod_Manager_2_1_4\data/Flags/D_SessionFlags.json" Offset 479250.
[2024.06.11-05.19.13:899][  0]LogPakFile: Display: Extracted "FLOD/D_FLODDescriptions.json" to "C:\WorkSpace\Icarus\Icarus_Mod_Manager_2_1_4\data/FLOD/D_FLODDescriptions.json" Offset 480088.
[2024.06.11-05.19.13:899][  0]LogPakFile: Display: Extracted "Hints/D_Hints.json" to "C:\WorkSpace\Icarus\Icarus_Mod_Manager_2_1_4\data/Hints/D_Hints.json" Offset 493936.
[2024.06.11-05.19.13:900][  0]LogPakFile: Display: Extracted "Horde/D_Horde.json" to "C:\WorkSpace\Icarus\Icarus_Mod_Manager_2_1_4\data/Horde/D_Horde.json" Offset 494930.
[2024.06.11-05.19.13:903][  0]LogPakFile: Display: Extracted "Horde/D_HordeWave.json" to "C:\WorkSpace\Icarus\Icarus_Mod_Manager_2_1_4\data/Horde/D_HordeWave.json" Offset 495535.
[2024.06.11-05.19.13:903][  0]LogPakFile: Display: Extracted "Input/D_KeybindContexts.json" to "C:\WorkSpace\Icarus\Icarus_Mod_Manager_2_1_4\data/Input/D_KeybindContexts.json" Offset 496915.
[2024.06.11-05.19.13:904][  0]LogPakFile: Display: Extracted "Input/D_Keybindings.json" to "C:\WorkSpace\Icarus\Icarus_Mod_Manager_2_1_4\data/Input/D_Keybindings.json" Offset 497309.
[2024.06.11-05.19.13:905][  0]LogPakFile: Display: Extracted "Input/D_KeyIcons.json" to "C:\WorkSpace\Icarus\Icarus_Mod_Manager_2_1_4\data/Input/D_KeyIcons.json" Offset 500272.
[2024.06.11-05.19.13:906][  0]LogPakFile: Display: Extracted "Input/D_Keys.json" to "C:\WorkSpace\Icarus\Icarus_Mod_Manager_2_1_4\data/Input/D_Keys.json" Offset 501939.
[2024.06.11-05.19.13:906][  0]LogPakFile: Display: Extracted "Interactions/D_Interactions.json" to "C:\WorkSpace\Icarus\Icarus_Mod_Manager_2_1_4\data/Interactions/D_Interactions.json" Offset 502727.
[2024.06.11-05.19.13:907][  0]LogPakFile: Display: Extracted "Interactions/D_RadialMenuData.json" to "C:\WorkSpace\Icarus\Icarus_Mod_Manager_2_1_4\data/Interactions/D_RadialMenuData.json" Offset 506199.
[2024.06.11-05.19.13:907][  0]LogPakFile: Display: Extracted "Interactions/D_RadialOptions.json" to "C:\WorkSpace\Icarus\Icarus_Mod_Manager_2_1_4\data/Interactions/D_RadialOptions.json" Offset 506935.
[2024.06.11-05.19.13:908][  0]LogPakFile: Display: Extracted "Inventory/D_BagPriority.json" to "C:\WorkSpace\Icarus\Icarus_Mod_Manager_2_1_4\data/Inventory/D_BagPriority.json" Offset 507666.
[2024.06.11-05.19.13:908][  0]LogPakFile: Display: Extracted "Inventory/D_InventoryContainer.json" to "C:\WorkSpace\Icarus\Icarus_Mod_Manager_2_1_4\data/Inventory/D_InventoryContainer.json" Offset 508278.
[2024.06.11-05.19.13:909][  0]LogPakFile: Display: Extracted "Inventory/D_InventoryID.json" to "C:\WorkSpace\Icarus\Icarus_Mod_Manager_2_1_4\data/Inventory/D_InventoryID.json" Offset 508829.
[2024.06.11-05.19.13:910][  0]LogPakFile: Display: Extracted "Inventory/D_InventoryInfo.json" to "C:\WorkSpace\Icarus\Icarus_Mod_Manager_2_1_4\data/Inventory/D_InventoryInfo.json" Offset 509249.
[2024.06.11-05.19.13:910][  0]LogPakFile: Display: Extracted "Inventory/D_ItemWeightStatQueries.json" to "C:\WorkSpace\Icarus\Icarus_Mod_Manager_2_1_4\data/Inventory/D_ItemWeightStatQueries.json" Offset 512591.
[2024.06.11-05.19.13:911][  0]LogPakFile: Display: Extracted "Inventory/D_QuickMove.json" to "C:\WorkSpace\Icarus\Icarus_Mod_Manager_2_1_4\data/Inventory/D_QuickMove.json" Offset 513129.
[2024.06.11-05.19.13:911][  0]LogPakFile: Display: Extracted "Items/D_ItemClassificationsIcons.json" to "C:\WorkSpace\Icarus\Icarus_Mod_Manager_2_1_4\data/Items/D_ItemClassificationsIcons.json" Offset 513822.
[2024.06.11-05.19.13:912][  0]LogPakFile: Display: Extracted "Items/D_ItemRanks.json" to "C:\WorkSpace\Icarus\Icarus_Mod_Manager_2_1_4\data/Items/D_ItemRanks.json" Offset 515161.
[2024.06.11-05.19.13:913][  0]LogPakFile: Display: Extracted "Items/D_ItemRewards.json" to "C:\WorkSpace\Icarus\Icarus_Mod_Manager_2_1_4\data/Items/D_ItemRewards.json" Offset 515566.
[2024.06.11-05.19.13:919][  0]LogPakFile: Display: Extracted "Items/D_ItemsStatic.json" to "C:\WorkSpace\Icarus\Icarus_Mod_Manager_2_1_4\data/Items/D_ItemsStatic.json" Offset 534815.
[2024.06.11-05.19.13:920][  0]LogPakFile: Display: Extracted "Items/D_ItemTemplate.json" to "C:\WorkSpace\Icarus\Icarus_Mod_Manager_2_1_4\data/Items/D_ItemTemplate.json" Offset 689768.
[2024.06.11-05.19.13:921][  0]LogPakFile: Display: Extracted "Items/D_ItemTraitMasks.json" to "C:\WorkSpace\Icarus\Icarus_Mod_Manager_2_1_4\data/Items/D_ItemTraitMasks.json" Offset 713185.
[2024.06.11-05.19.13:921][  0]LogPakFile: Display: Extracted "Items/Types/D_BuildingTypes.json" to "C:\WorkSpace\Icarus\Icarus_Mod_Manager_2_1_4\data/Items/Types/D_BuildingTypes.json" Offset 713926.
[2024.06.11-05.19.13:922][  0]LogPakFile: Display: Extracted "Items/Types/D_DeployableTypes.json" to "C:\WorkSpace\Icarus\Icarus_Mod_Manager_2_1_4\data/Items/Types/D_DeployableTypes.json" Offset 714507.
[2024.06.11-05.19.13:922][  0]LogPakFile: Display: Extracted "Items/Types/D_FoodTypes.json" to "C:\WorkSpace\Icarus\Icarus_Mod_Manager_2_1_4\data/Items/Types/D_FoodTypes.json" Offset 715060.
[2024.06.11-05.19.13:923][  0]LogPakFile: Display: Extracted "Items/Types/D_ProjectileTypes.json" to "C:\WorkSpace\Icarus\Icarus_Mod_Manager_2_1_4\data/Items/Types/D_ProjectileTypes.json" Offset 715764.
[2024.06.11-05.19.13:923][  0]LogPakFile: Display: Extracted "Items/Types/D_ToolTypes.json" to "C:\WorkSpace\Icarus\Icarus_Mod_Manager_2_1_4\data/Items/Types/D_ToolTypes.json" Offset 716953.
[2024.06.11-05.19.13:924][  0]LogPakFile: Display: Extracted "LivingItems/D_LivingItemShopItems.json" to "C:\WorkSpace\Icarus\Icarus_Mod_Manager_2_1_4\data/LivingItems/D_LivingItemShopItems.json" Offset 717358.
[2024.06.11-05.19.13:924][  0]LogPakFile: Display: Extracted "LivingItems/D_LivingItemUpgrades.json" to "C:\WorkSpace\Icarus\Icarus_Mod_Manager_2_1_4\data/LivingItems/D_LivingItemUpgrades.json" Offset 717655.
[2024.06.11-05.19.13:925][  0]LogPakFile: Display: Extracted "Localization/D_Languages.json" to "C:\WorkSpace\Icarus\Icarus_Mod_Manager_2_1_4\data/Localization/D_Languages.json" Offset 718085.
[2024.06.11-05.19.13:926][  0]LogPakFile: Display: Extracted "Logging/D_LogCategories.json" to "C:\WorkSpace\Icarus\Icarus_Mod_Manager_2_1_4\data/Logging/D_LogCategories.json" Offset 718390.
[2024.06.11-05.19.13:926][  0]LogPakFile: Display: Extracted "MetaResource/D_MetaResourceNodes.json" to "C:\WorkSpace\Icarus\Icarus_Mod_Manager_2_1_4\data/MetaResource/D_MetaResourceNodes.json" Offset 719177.
[2024.06.11-05.19.13:927][  0]LogPakFile: Display: Extracted "MetaWorkshop/D_WorkshopItems.json" to "C:\WorkSpace\Icarus\Icarus_Mod_Manager_2_1_4\data/MetaWorkshop/D_WorkshopItems.json" Offset 719573.
[2024.06.11-05.19.13:928][  0]LogPakFile: Display: Extracted "Modifiers/D_AfflictionChance.json" to "C:\WorkSpace\Icarus\Icarus_Mod_Manager_2_1_4\data/Modifiers/D_AfflictionChance.json" Offset 725897.
[2024.06.11-05.19.13:928][  0]LogPakFile: Display: Extracted "Modifiers/D_GrantedAuras.json" to "C:\WorkSpace\Icarus\Icarus_Mod_Manager_2_1_4\data/Modifiers/D_GrantedAuras.json" Offset 726950.
[2024.06.11-05.19.13:929][  0]LogPakFile: Display: Extracted "Modifiers/D_ModifierStates.json" to "C:\WorkSpace\Icarus\Icarus_Mod_Manager_2_1_4\data/Modifiers/D_ModifierStates.json" Offset 727446.
[2024.06.11-05.19.13:930][  0]LogPakFile: Display: Extracted "Modifiers/D_StatAfflictions.json" to "C:\WorkSpace\Icarus\Icarus_Mod_Manager_2_1_4\data/Modifiers/D_StatAfflictions.json" Offset 770932.
[2024.06.11-05.19.13:931][  0]LogPakFile: Display: Extracted "Modifiers/D_SurvivalTriggers.json" to "C:\WorkSpace\Icarus\Icarus_Mod_Manager_2_1_4\data/Modifiers/D_SurvivalTriggers.json" Offset 771882.
[2024.06.11-05.19.13:931][  0]LogPakFile: Display: Extracted "Online/D_RCONCommand.json" to "C:\WorkSpace\Icarus\Icarus_Mod_Manager_2_1_4\data/Online/D_RCONCommand.json" Offset 772598.
[2024.06.11-05.19.13:931][  0]LogPakFile: Display: Extracted "Online/D_RepGraphClassPolicies.json" to "C:\WorkSpace\Icarus\Icarus_Mod_Manager_2_1_4\data/Online/D_RepGraphClassPolicies.json" Offset 773262.
[2024.06.11-05.19.13:933][  0]LogPakFile: Display: Extracted "Online/D_RepGraphClassSettings.json" to "C:\WorkSpace\Icarus\Icarus_Mod_Manager_2_1_4\data/Online/D_RepGraphClassSettings.json" Offset 775719.
[2024.06.11-05.19.13:934][  0]LogPakFile: Display: Extracted "Orchestration/D_OrchestrationEvents.json" to "C:\WorkSpace\Icarus\Icarus_Mod_Manager_2_1_4\data/Orchestration/D_OrchestrationEvents.json" Offset 776371.
[2024.06.11-05.19.13:934][  0]LogPakFile: Display: Extracted "Orchestration/D_OrchestrationStateFlags.json" to "C:\WorkSpace\Icarus\Icarus_Mod_Manager_2_1_4\data/Orchestration/D_OrchestrationStateFlags.json" Offset 776983.
[2024.06.11-05.19.13:936][  0]LogPakFile: Display: Extracted "Outpost/D_Outposts.json" to "C:\WorkSpace\Icarus\Icarus_Mod_Manager_2_1_4\data/Outpost/D_Outposts.json" Offset 777720.
[2024.06.11-05.19.13:936][  0]LogPakFile: Display: Extracted "Paintings/D_Paintings.json" to "C:\WorkSpace\Icarus\Icarus_Mod_Manager_2_1_4\data/Paintings/D_Paintings.json" Offset 778258.
[2024.06.11-05.19.13:937][  0]LogPakFile: Display: Extracted "Perks/D_CharacterPerks.json" to "C:\WorkSpace\Icarus\Icarus_Mod_Manager_2_1_4\data/Perks/D_CharacterPerks.json" Offset 779765.
[2024.06.11-05.19.13:937][  0]LogPakFile: Display: Extracted "PlayerTracker/D_PlayerAccoladeCategories.json" to "C:\WorkSpace\Icarus\Icarus_Mod_Manager_2_1_4\data/PlayerTracker/D_PlayerAccoladeCategories.json" Offset 780102.
[2024.06.11-05.19.13:938][  0]LogPakFile: Display: Extracted "PlayerTracker/D_PlayerTrackerCategories.json" to "C:\WorkSpace\Icarus\Icarus_Mod_Manager_2_1_4\data/PlayerTracker/D_PlayerTrackerCategories.json" Offset 780679.
[2024.06.11-05.19.13:938][  0]LogPakFile: Display: Extracted "PlayerTracker/D_PlayerTrackers.json" to "C:\WorkSpace\Icarus\Icarus_Mod_Manager_2_1_4\data/PlayerTracker/D_PlayerTrackers.json" Offset 781553.
[2024.06.11-05.19.13:939][  0]LogPakFile: Display: Extracted "Prebuilt/D_PrebuiltStructures.json" to "C:\WorkSpace\Icarus\Icarus_Mod_Manager_2_1_4\data/Prebuilt/D_PrebuiltStructures.json" Offset 784828.
[2024.06.11-05.19.13:940][  0]LogPakFile: Display: Extracted "Prospects/D_Atmospheres.json" to "C:\WorkSpace\Icarus\Icarus_Mod_Manager_2_1_4\data/Prospects/D_Atmospheres.json" Offset 785201.
[2024.06.11-05.19.13:940][  0]LogPakFile: Display: Extracted "Prospects/D_Biomes.json" to "C:\WorkSpace\Icarus\Icarus_Mod_Manager_2_1_4\data/Prospects/D_Biomes.json" Offset 786484.
[2024.06.11-05.19.13:941][  0]LogPakFile: Display: Extracted "Prospects/D_ProspectList.json" to "C:\WorkSpace\Icarus\Icarus_Mod_Manager_2_1_4\data/Prospects/D_ProspectList.json" Offset 788496.
[2024.06.11-05.19.13:942][  0]LogPakFile: Display: Extracted "Prospects/D_Terrains.json" to "C:\WorkSpace\Icarus\Icarus_Mod_Manager_2_1_4\data/Prospects/D_Terrains.json" Offset 833871.
[2024.06.11-05.19.13:943][  0]LogPakFile: Display: Extracted "Quests/D_DynamicQuestRewardItems.json" to "C:\WorkSpace\Icarus\Icarus_Mod_Manager_2_1_4\data/Quests/D_DynamicQuestRewardItems.json" Offset 834788.
[2024.06.11-05.19.13:944][  0]LogPakFile: Display: Extracted "Quests/D_DynamicQuestRewards.json" to "C:\WorkSpace\Icarus\Icarus_Mod_Manager_2_1_4\data/Quests/D_DynamicQuestRewards.json" Offset 841027.
[2024.06.11-05.19.13:944][  0]LogPakFile: Display: Extracted "Quests/D_DynamicQuests.json" to "C:\WorkSpace\Icarus\Icarus_Mod_Manager_2_1_4\data/Quests/D_DynamicQuests.json" Offset 846929.
[2024.06.11-05.19.13:945][  0]LogPakFile: Display: Extracted "Quests/D_QuestEvents.json" to "C:\WorkSpace\Icarus\Icarus_Mod_Manager_2_1_4\data/Quests/D_QuestEvents.json" Offset 848172.
[2024.06.11-05.19.13:946][  0]LogPakFile: Display: Extracted "Quests/D_QuestQueries.json" to "C:\WorkSpace\Icarus\Icarus_Mod_Manager_2_1_4\data/Quests/D_QuestQueries.json" Offset 849031.
[2024.06.11-05.19.13:948][  0]LogPakFile: Display: Extracted "Quests/D_Quests.json" to "C:\WorkSpace\Icarus\Icarus_Mod_Manager_2_1_4\data/Quests/D_Quests.json" Offset 857210.
[2024.06.11-05.19.13:949][  0]LogPakFile: Display: Extracted "Quests/Modifiers/D_QuestEnemyModifiers.json" to "C:\WorkSpace\Icarus\Icarus_Mod_Manager_2_1_4\data/Quests/Modifiers/D_QuestEnemyModifiers.json" Offset 905885.
[2024.06.11-05.19.13:949][  0]LogPakFile: Display: Extracted "Quests/Modifiers/D_QuestVocalisationModifiers.json" to "C:\WorkSpace\Icarus\Icarus_Mod_Manager_2_1_4\data/Quests/Modifiers/D_QuestVocalisationModifiers.json" Offset 906331.
[2024.06.11-05.19.13:950][  0]LogPakFile: Display: Extracted "Quests/Modifiers/D_QuestWeatherModifiers.json" to "C:\WorkSpace\Icarus\Icarus_Mod_Manager_2_1_4\data/Quests/Modifiers/D_QuestWeatherModifiers.json" Offset 906759.
[2024.06.11-05.19.13:950][  0]LogPakFile: Display: Extracted "Resources/D_OptionalResourceFlows.json" to "C:\WorkSpace\Icarus\Icarus_Mod_Manager_2_1_4\data/Resources/D_OptionalResourceFlows.json" Offset 907025.
[2024.06.11-05.19.13:951][  0]LogPakFile: Display: Extracted "RTXGI/D_RTXGIVolumes.json" to "C:\WorkSpace\Icarus\Icarus_Mod_Manager_2_1_4\data/RTXGI/D_RTXGIVolumes.json" Offset 907538.
[2024.06.11-05.19.13:951][  0]LogPakFile: Display: Extracted "Rulesets/D_Rulesets.json" to "C:\WorkSpace\Icarus\Icarus_Mod_Manager_2_1_4\data/Rulesets/D_Rulesets.json" Offset 908324.
[2024.06.11-05.19.13:952][  0]LogPakFile: Display: Extracted "Scaling/D_ScalingRules.json" to "C:\WorkSpace\Icarus\Icarus_Mod_Manager_2_1_4\data/Scaling/D_ScalingRules.json" Offset 908887.
[2024.06.11-05.19.13:952][  0]LogPakFile: Display: Extracted "Settings/D_GraphicsTierDescription.json" to "C:\WorkSpace\Icarus\Icarus_Mod_Manager_2_1_4\data/Settings/D_GraphicsTierDescription.json" Offset 909381.
[2024.06.11-05.19.13:953][  0]LogPakFile: Display: Extracted "Settings/D_GraphicsTierDescriptionMods.json" to "C:\WorkSpace\Icarus\Icarus_Mod_Manager_2_1_4\data/Settings/D_GraphicsTierDescriptionMods.json" Offset 910158.
[2024.06.11-05.19.13:953][  0]LogPakFile: Display: Extracted "Sorting/D_SortTypePriority.json" to "C:\WorkSpace\Icarus\Icarus_Mod_Manager_2_1_4\data/Sorting/D_SortTypePriority.json" Offset 910565.
[2024.06.11-05.19.13:954][  0]LogPakFile: Display: Extracted "Spawn/D_ExoticSpawn.json" to "C:\WorkSpace\Icarus\Icarus_Mod_Manager_2_1_4\data/Spawn/D_ExoticSpawn.json" Offset 911337.
[2024.06.11-05.19.13:954][  0]LogPakFile: Display: Extracted "Statistics/D_Statistics.json" to "C:\WorkSpace\Icarus\Icarus_Mod_Manager_2_1_4\data/Statistics/D_Statistics.json" Offset 912233.
[2024.06.11-05.19.13:955][  0]LogPakFile: Display: Extracted "Stats/D_CharacterStartingStats.json" to "C:\WorkSpace\Icarus\Icarus_Mod_Manager_2_1_4\data/Stats/D_CharacterStartingStats.json" Offset 912757.
[2024.06.11-05.19.13:955][  0]LogPakFile: Display: Extracted "Stats/D_ProspectStats.json" to "C:\WorkSpace\Icarus\Icarus_Mod_Manager_2_1_4\data/Stats/D_ProspectStats.json" Offset 913803.
[2024.06.11-05.19.13:956][  0]LogPakFile: Display: Extracted "Stats/D_StatCategories.json" to "C:\WorkSpace\Icarus\Icarus_Mod_Manager_2_1_4\data/Stats/D_StatCategories.json" Offset 914807.
[2024.06.11-05.19.13:958][  0]LogPakFile: Display: Extracted "Stats/D_Stats.json" to "C:\WorkSpace\Icarus\Icarus_Mod_Manager_2_1_4\data/Stats/D_Stats.json" Offset 915762.
[2024.06.11-05.19.13:959][  0]LogPakFile: Display: Extracted "Tags/D_StatGameplayTags.json" to "C:\WorkSpace\Icarus\Icarus_Mod_Manager_2_1_4\data/Tags/D_StatGameplayTags.json" Offset 964551.
[2024.06.11-05.19.13:960][  0]LogPakFile: Display: Extracted "Tags/D_TagQueries.json" to "C:\WorkSpace\Icarus\Icarus_Mod_Manager_2_1_4\data/Tags/D_TagQueries.json" Offset 965111.
[2024.06.11-05.19.13:960][  0]LogPakFile: Display: Extracted "Talents/D_TalentArchetypes.json" to "C:\WorkSpace\Icarus\Icarus_Mod_Manager_2_1_4\data/Talents/D_TalentArchetypes.json" Offset 974074.
[2024.06.11-05.19.13:961][  0]LogPakFile: Display: Extracted "Talents/D_TalentModels.json" to "C:\WorkSpace\Icarus\Icarus_Mod_Manager_2_1_4\data/Talents/D_TalentModels.json" Offset 975762.
[2024.06.11-05.19.13:961][  0]LogPakFile: Display: Extracted "Talents/D_TalentModelViews.json" to "C:\WorkSpace\Icarus\Icarus_Mod_Manager_2_1_4\data/Talents/D_TalentModelViews.json" Offset 976800.
[2024.06.11-05.19.13:962][  0]LogPakFile: Display: Extracted "Talents/D_TalentRanks.json" to "C:\WorkSpace\Icarus\Icarus_Mod_Manager_2_1_4\data/Talents/D_TalentRanks.json" Offset 977177.
[2024.06.11-05.19.13:966][  0]LogPakFile: Display: Extracted "Talents/D_Talents.json" to "C:\WorkSpace\Icarus\Icarus_Mod_Manager_2_1_4\data/Talents/D_Talents.json" Offset 977595.
[2024.06.11-05.19.13:967][  0]LogPakFile: Display: Extracted "Talents/D_TalentTrees.json" to "C:\WorkSpace\Icarus\Icarus_Mod_Manager_2_1_4\data/Talents/D_TalentTrees.json" Offset 1079498.
[2024.06.11-05.19.13:967][  0]LogPakFile: Display: Extracted "Talents/D_TalentViews.json" to "C:\WorkSpace\Icarus\Icarus_Mod_Manager_2_1_4\data/Talents/D_TalentViews.json" Offset 1081505.
[2024.06.11-05.19.13:968][  0]LogPakFile: Display: Extracted "TimeOfDay/D_TimeOfDay.json" to "C:\WorkSpace\Icarus\Icarus_Mod_Manager_2_1_4\data/TimeOfDay/D_TimeOfDay.json" Offset 1092621.
[2024.06.11-05.19.13:969][  0]LogPakFile: Display: Extracted "Tools/D_Actions.json" to "C:\WorkSpace\Icarus\Icarus_Mod_Manager_2_1_4\data/Tools/D_Actions.json" Offset 1093402.
[2024.06.11-05.19.13:969][  0]LogPakFile: Display: Extracted "Tools/D_AmmoTypes.json" to "C:\WorkSpace\Icarus\Icarus_Mod_Manager_2_1_4\data/Tools/D_AmmoTypes.json" Offset 1096282.
[2024.06.11-05.19.13:970][  0]LogPakFile: Display: Extracted "Tools/D_FirearmData.json" to "C:\WorkSpace\Icarus\Icarus_Mod_Manager_2_1_4\data/Tools/D_FirearmData.json" Offset 1096987.
[2024.06.11-05.19.13:970][  0]LogPakFile: Display: Extracted "Tools/D_RangedWeaponData.json" to "C:\WorkSpace\Icarus\Icarus_Mod_Manager_2_1_4\data/Tools/D_RangedWeaponData.json" Offset 1102707.
[2024.06.11-05.19.13:971][  0]LogPakFile: Display: Extracted "Tools/D_StaminaActionCosts.json" to "C:\WorkSpace\Icarus\Icarus_Mod_Manager_2_1_4\data/Tools/D_StaminaActionCosts.json" Offset 1103394.
[2024.06.11-05.19.13:972][  0]LogPakFile: Display: Extracted "Tools/D_ToolDamage.json" to "C:\WorkSpace\Icarus\Icarus_Mod_Manager_2_1_4\data/Tools/D_ToolDamage.json" Offset 1104082.
[2024.06.11-05.19.13:972][  0]LogPakFile: Display: Extracted "Tools/D_Uses.json" to "C:\WorkSpace\Icarus\Icarus_Mod_Manager_2_1_4\data/Tools/D_Uses.json" Offset 1105375.
[2024.06.11-05.19.13:973][  0]LogPakFile: Display: Extracted "Tools/D_ValidAmmoTypes.json" to "C:\WorkSpace\Icarus\Icarus_Mod_Manager_2_1_4\data/Tools/D_ValidAmmoTypes.json" Offset 1105901.
[2024.06.11-05.19.13:973][  0]LogPakFile: Display: Extracted "Traits/D_Actionable.json" to "C:\WorkSpace\Icarus\Icarus_Mod_Manager_2_1_4\data/Traits/D_Actionable.json" Offset 1106805.
[2024.06.11-05.19.13:974][  0]LogPakFile: Display: Extracted "Traits/D_Armour.json" to "C:\WorkSpace\Icarus\Icarus_Mod_Manager_2_1_4\data/Traits/D_Armour.json" Offset 1109632.
[2024.06.11-05.19.13:975][  0]LogPakFile: Display: Extracted "Traits/D_Ballistic.json" to "C:\WorkSpace\Icarus\Icarus_Mod_Manager_2_1_4\data/Traits/D_Ballistic.json" Offset 1117915.
[2024.06.11-05.19.13:976][  0]LogPakFile: Display: Extracted "Traits/D_Buildable.json" to "C:\WorkSpace\Icarus\Icarus_Mod_Manager_2_1_4\data/Traits/D_Buildable.json" Offset 1126640.
[2024.06.11-05.19.13:977][  0]LogPakFile: Display: Extracted "Traits/D_Combustible.json" to "C:\WorkSpace\Icarus\Icarus_Mod_Manager_2_1_4\data/Traits/D_Combustible.json" Offset 1133791.
[2024.06.11-05.19.13:977][  0]LogPakFile: Display: Extracted "Traits/D_Consumable.json" to "C:\WorkSpace\Icarus\Icarus_Mod_Manager_2_1_4\data/Traits/D_Consumable.json" Offset 1134969.
[2024.06.11-05.19.13:979][  0]LogPakFile: Display: Extracted "Traits/D_Decayable.json" to "C:\WorkSpace\Icarus\Icarus_Mod_Manager_2_1_4\data/Traits/D_Decayable.json" Offset 1139977.
[2024.06.11-05.19.13:980][  0]LogPakFile: Display: Extracted "Traits/D_Deployable.json" to "C:\WorkSpace\Icarus\Icarus_Mod_Manager_2_1_4\data/Traits/D_Deployable.json" Offset 1140632.
[2024.06.11-05.19.13:981][  0]LogPakFile: Display: Extracted "Traits/D_Durable.json" to "C:\WorkSpace\Icarus\Icarus_Mod_Manager_2_1_4\data/Traits/D_Durable.json" Offset 1149584.
[2024.06.11-05.19.13:982][  0]LogPakFile: Display: Extracted "Traits/D_Energy.json" to "C:\WorkSpace\Icarus\Icarus_Mod_Manager_2_1_4\data/Traits/D_Energy.json" Offset 1151972.
[2024.06.11-05.19.13:982][  0]LogPakFile: Display: Extracted "Traits/D_Equippable.json" to "C:\WorkSpace\Icarus\Icarus_Mod_Manager_2_1_4\data/Traits/D_Equippable.json" Offset 1153301.
[2024.06.11-05.19.13:983][  0]LogPakFile: Display: Extracted "Traits/D_Experience.json" to "C:\WorkSpace\Icarus\Icarus_Mod_Manager_2_1_4\data/Traits/D_Experience.json" Offset 1155407.
[2024.06.11-05.19.13:984][  0]LogPakFile: Display: Extracted "Traits/D_Fillable.json" to "C:\WorkSpace\Icarus\Icarus_Mod_Manager_2_1_4\data/Traits/D_Fillable.json" Offset 1156995.
[2024.06.11-05.19.13:984][  0]LogPakFile: Display: Extracted "Traits/D_Flammable.json" to "C:\WorkSpace\Icarus\Icarus_Mod_Manager_2_1_4\data/Traits/D_Flammable.json" Offset 1157770.
[2024.06.11-05.19.13:985][  0]LogPakFile: Display: Extracted "Traits/D_Floatable.json" to "C:\WorkSpace\Icarus\Icarus_Mod_Manager_2_1_4\data/Traits/D_Floatable.json" Offset 1158837.
[2024.06.11-05.19.13:985][  0]LogPakFile: Display: Extracted "Traits/D_Focusable.json" to "C:\WorkSpace\Icarus\Icarus_Mod_Manager_2_1_4\data/Traits/D_Focusable.json" Offset 1159285.
[2024.06.11-05.19.13:987][  0]LogPakFile: Display: Extracted "Traits/D_Fuel.json" to "C:\WorkSpace\Icarus\Icarus_Mod_Manager_2_1_4\data/Traits/D_Fuel.json" Offset 1162503.
[2024.06.11-05.19.13:987][  0]LogPakFile: Display: Extracted "Traits/D_Generator.json" to "C:\WorkSpace\Icarus\Icarus_Mod_Manager_2_1_4\data/Traits/D_Generator.json" Offset 1163547.
[2024.06.11-05.19.13:988][  0]LogPakFile: Display: Extracted "Traits/D_Highlightable.json" to "C:\WorkSpace\Icarus\Icarus_Mod_Manager_2_1_4\data/Traits/D_Highlightable.json" Offset 1164731.
[2024.06.11-05.19.13:989][  0]LogPakFile: Display: Extracted "Traits/D_Hitable.json" to "C:\WorkSpace\Icarus\Icarus_Mod_Manager_2_1_4\data/Traits/D_Hitable.json" Offset 1171093.
[2024.06.11-05.19.13:990][  0]LogPakFile: Display: Extracted "Traits/D_Interactable.json" to "C:\WorkSpace\Icarus\Icarus_Mod_Manager_2_1_4\data/Traits/D_Interactable.json" Offset 1172432.
[2024.06.11-05.19.13:990][  0]LogPakFile: Display: Extracted "Traits/D_Inventory.json" to "C:\WorkSpace\Icarus\Icarus_Mod_Manager_2_1_4\data/Traits/D_Inventory.json" Offset 1175749.
[2024.06.11-05.19.13:996][  0]LogPakFile: Display: Extracted "Traits/D_Itemable.json" to "C:\WorkSpace\Icarus\Icarus_Mod_Manager_2_1_4\data/Traits/D_Itemable.json" Offset 1178131.
[2024.06.11-05.19.13:996][  0]LogPakFile: Display: Extracted "Traits/D_LivingItem.json" to "C:\WorkSpace\Icarus\Icarus_Mod_Manager_2_1_4\data/Traits/D_LivingItem.json" Offset 1338644.
[2024.06.11-05.19.13:998][  0]LogPakFile: Display: Extracted "Traits/D_Meshable.json" to "C:\WorkSpace\Icarus\Icarus_Mod_Manager_2_1_4\data/Traits/D_Meshable.json" Offset 1339046.
[2024.06.11-05.19.13:998][  0]LogPakFile: Display: Extracted "Traits/D_Oxygen.json" to "C:\WorkSpace\Icarus\Icarus_Mod_Manager_2_1_4\data/Traits/D_Oxygen.json" Offset 1367375.
[2024.06.11-05.19.13:999][  0]LogPakFile: Display: Extracted "Traits/D_Processing.json" to "C:\WorkSpace\Icarus\Icarus_Mod_Manager_2_1_4\data/Traits/D_Processing.json" Offset 1368352.
[2024.06.11-05.19.13:999][  0]LogPakFile: Display: Extracted "Traits/D_Resource.json" to "C:\WorkSpace\Icarus\Icarus_Mod_Manager_2_1_4\data/Traits/D_Resource.json" Offset 1369773.
[2024.06.11-05.19.14:000][  0]LogPakFile: Display: Extracted "Traits/D_Rocketable.json" to "C:\WorkSpace\Icarus\Icarus_Mod_Manager_2_1_4\data/Traits/D_Rocketable.json" Offset 1371129.
[2024.06.11-05.19.14:000][  0]LogPakFile: Display: Extracted "Traits/D_Slotable.json" to "C:\WorkSpace\Icarus\Icarus_Mod_Manager_2_1_4\data/Traits/D_Slotable.json" Offset 1371551.
[2024.06.11-05.19.14:001][  0]LogPakFile: Display: Extracted "Traits/D_Thermal.json" to "C:\WorkSpace\Icarus\Icarus_Mod_Manager_2_1_4\data/Traits/D_Thermal.json" Offset 1372199.
[2024.06.11-05.19.14:001][  0]LogPakFile: Display: Extracted "Traits/D_Transmutable.json" to "C:\WorkSpace\Icarus\Icarus_Mod_Manager_2_1_4\data/Traits/D_Transmutable.json" Offset 1372981.
[2024.06.11-05.19.14:002][  0]LogPakFile: Display: Extracted "Traits/D_Usable.json" to "C:\WorkSpace\Icarus\Icarus_Mod_Manager_2_1_4\data/Traits/D_Usable.json" Offset 1373495.
[2024.06.11-05.19.14:003][  0]LogPakFile: Display: Extracted "Traits/D_Vehicular.json" to "C:\WorkSpace\Icarus\Icarus_Mod_Manager_2_1_4\data/Traits/D_Vehicular.json" Offset 1374199.
[2024.06.11-05.19.14:003][  0]LogPakFile: Display: Extracted "Traits/D_Water.json" to "C:\WorkSpace\Icarus\Icarus_Mod_Manager_2_1_4\data/Traits/D_Water.json" Offset 1376833.
[2024.06.11-05.19.14:004][  0]LogPakFile: Display: Extracted "Traits/D_Weight.json" to "C:\WorkSpace\Icarus\Icarus_Mod_Manager_2_1_4\data/Traits/D_Weight.json" Offset 1377695.
[2024.06.11-05.19.14:005][  0]LogPakFile: Display: Extracted "UI/D_CharacterTimeline.json" to "C:\WorkSpace\Icarus\Icarus_Mod_Manager_2_1_4\data/UI/D_CharacterTimeline.json" Offset 1378110.
[2024.06.11-05.19.14:005][  0]LogPakFile: Display: Extracted "UI/D_ContextMenuGroupTypes.json" to "C:\WorkSpace\Icarus\Icarus_Mod_Manager_2_1_4\data/UI/D_ContextMenuGroupTypes.json" Offset 1378556.
[2024.06.11-05.19.14:006][  0]LogPakFile: Display: Extracted "UI/D_MapIcons.json" to "C:\WorkSpace\Icarus\Icarus_Mod_Manager_2_1_4\data/UI/D_MapIcons.json" Offset 1379012.
[2024.06.11-05.19.14:006][  0]LogPakFile: Display: Extracted "UI/D_MapSearchArea.json" to "C:\WorkSpace\Icarus\Icarus_Mod_Manager_2_1_4\data/UI/D_MapSearchArea.json" Offset 1381000.
[2024.06.11-05.19.14:006][  0]LogPakFile: Display: Extracted "UI/D_PlayerIdentity.json" to "C:\WorkSpace\Icarus\Icarus_Mod_Manager_2_1_4\data/UI/D_PlayerIdentity.json" Offset 1381601.
[2024.06.11-05.19.14:008][  0]LogPakFile: Display: Extracted "UI/D_PreviewCameraSettings.json" to "C:\WorkSpace\Icarus\Icarus_Mod_Manager_2_1_4\data/UI/D_PreviewCameraSettings.json" Offset 1382060.
[2024.06.11-05.19.14:008][  0]LogPakFile: Display: Extracted "UI/D_TimelineRanks.json" to "C:\WorkSpace\Icarus\Icarus_Mod_Manager_2_1_4\data/UI/D_TimelineRanks.json" Offset 1382770.
[2024.06.11-05.19.14:009][  0]LogPakFile: Display: Extracted "ValidHits/D_ValidHitQueries.json" to "C:\WorkSpace\Icarus\Icarus_Mod_Manager_2_1_4\data/ValidHits/D_ValidHitQueries.json" Offset 1383893.
[2024.06.11-05.19.14:009][  0]LogPakFile: Display: Extracted "ValidHits/D_ValidHitTypes.json" to "C:\WorkSpace\Icarus\Icarus_Mod_Manager_2_1_4\data/ValidHits/D_ValidHitTypes.json" Offset 1384471.
[2024.06.11-05.19.14:011][  0]LogPakFile: Display: Extracted "ValidHits/D_ValidInteractQueries.json" to "C:\WorkSpace\Icarus\Icarus_Mod_Manager_2_1_4\data/ValidHits/D_ValidInteractQueries.json" Offset 1384745.
[2024.06.11-05.19.14:012][  0]LogPakFile: Display: Extracted "Vehicles/D_VehicleSetups.json" to "C:\WorkSpace\Icarus\Icarus_Mod_Manager_2_1_4\data/Vehicles/D_VehicleSetups.json" Offset 1385261.
[2024.06.11-05.19.14:012][  0]LogPakFile: Display: Extracted "Weather/D_ProspectForecast.json" to "C:\WorkSpace\Icarus\Icarus_Mod_Manager_2_1_4\data/Weather/D_ProspectForecast.json" Offset 1387432.
[2024.06.11-05.19.14:014][  0]LogPakFile: Display: Extracted "Weather/D_WeatherActions.json" to "C:\WorkSpace\Icarus\Icarus_Mod_Manager_2_1_4\data/Weather/D_WeatherActions.json" Offset 1388351.
[2024.06.11-05.19.14:015][  0]LogPakFile: Display: Extracted "Weather/D_WeatherBiomeGroups.json" to "C:\WorkSpace\Icarus\Icarus_Mod_Manager_2_1_4\data/Weather/D_WeatherBiomeGroups.json" Offset 1427242.
[2024.06.11-05.19.14:016][  0]LogPakFile: Display: Extracted "Weather/D_WeatherEvents.json" to "C:\WorkSpace\Icarus\Icarus_Mod_Manager_2_1_4\data/Weather/D_WeatherEvents.json" Offset 1427953.
[2024.06.11-05.19.14:016][  0]LogPakFile: Display: Extracted "Weather/D_WeatherPools.json" to "C:\WorkSpace\Icarus\Icarus_Mod_Manager_2_1_4\data/Weather/D_WeatherPools.json" Offset 1439538.
[2024.06.11-05.19.14:017][  0]LogPakFile: Display: Extracted "Weather/D_WeatherTierIcon.json" to "C:\WorkSpace\Icarus\Icarus_Mod_Manager_2_1_4\data/Weather/D_WeatherTierIcon.json" Offset 1442448.
[2024.06.11-05.19.14:017][  0]LogPakFile: Display: Extracted "World/D_BreakableRockData.json" to "C:\WorkSpace\Icarus\Icarus_Mod_Manager_2_1_4\data/World/D_BreakableRockData.json" Offset 1443030.
[2024.06.11-05.19.14:018][  0]LogPakFile: Display: Extracted "World/D_DropGroups.json" to "C:\WorkSpace\Icarus\Icarus_Mod_Manager_2_1_4\data/World/D_DropGroups.json" Offset 1443500.
[2024.06.11-05.19.14:018][  0]LogPakFile: Display: Extracted "World/D_FishSetup.json" to "C:\WorkSpace\Icarus\Icarus_Mod_Manager_2_1_4\data/World/D_FishSetup.json" Offset 1444748.
[2024.06.11-05.19.14:019][  0]LogPakFile: Display: Extracted "World/D_OreDeposit.json" to "C:\WorkSpace\Icarus\Icarus_Mod_Manager_2_1_4\data/World/D_OreDeposit.json" Offset 1445565.
[2024.06.11-05.19.14:020][  0]LogPakFile: Display: Extracted "World/D_Surfaces.json" to "C:\WorkSpace\Icarus\Icarus_Mod_Manager_2_1_4\data/World/D_Surfaces.json" Offset 1447096.
[2024.06.11-05.19.14:020][  0]LogPakFile: Display: Extracted "World/D_VoxelDistributionRegion.json" to "C:\WorkSpace\Icarus\Icarus_Mod_Manager_2_1_4\data/World/D_VoxelDistributionRegion.json" Offset 1448830.
[2024.06.11-05.19.14:021][  0]LogPakFile: Display: Extracted "World/D_VoxelMaterialMap.json" to "C:\WorkSpace\Icarus\Icarus_Mod_Manager_2_1_4\data/World/D_VoxelMaterialMap.json" Offset 1450153.
[2024.06.11-05.19.14:022][  0]LogPakFile: Display: Extracted "World/D_VoxelSetupData.json" to "C:\WorkSpace\Icarus\Icarus_Mod_Manager_2_1_4\data/World/D_VoxelSetupData.json" Offset 1451024.
[2024.06.11-05.19.14:022][  0]LogPakFile: Display: Extracted "World/D_WaterSetup.json" to "C:\WorkSpace\Icarus\Icarus_Mod_Manager_2_1_4\data/World/D_WaterSetup.json" Offset 1452240.
[2024.06.11-05.19.14:024][  0]LogPakFile: Display: Extracted "World/D_WorldData.json" to "C:\WorkSpace\Icarus\Icarus_Mod_Manager_2_1_4\data/World/D_WorldData.json" Offset 1453103.
[2024.06.11-05.19.14:024][  0]LogPakFile: Finished extracting 265 (including 0 errors).
[2024.06.11-05.19.14:024][  0]LogPakFile: Display: Unreal pak executed in 0.204829 seconds
[2024.06.11-05.19.14:033][  0]LogCore: Engine exit requested (reason: UnrealPak Exiting)
[2024.06.11-05.19.14:033][  0]LogExit: Preparing to exit.
[2024.06.11-05.19.14:034][  0]LogModuleManager: Shutting down and abandoning module PakFile (4)
[2024.06.11-05.19.14:034][  0]LogModuleManager: Shutting down and abandoning module RSA (3)
[2024.06.11-05.19.14:034][  0]LogExit: Exiting.
[2024.06.11-05.19.14:046][  0]Log file closed, 06/10/24 22:19:14
